<?xml version="1.0" encoding="UTF-8"?>
<!-- Generated by org.testng.reporters.JUnitXMLReporter -->
<testsuite hostname="DESKTOP-K3VPPGC" ignored="0" name="Free CRM Application Test cases" tests="9" failures="1" timestamp="18 Jan 2020 05:40:28 GMT" time="119.984" errors="0">
  <testcase name="LoginTest" time="0.744" classname="com.crm.qa.test.LoginPageTest"/>
  <testcase name="LoginpageTitletest" time="0.014" classname="com.crm.qa.test.LoginPageTest"/>
  <testcase name="verifycontactspagetest" time="0.429" classname="com.crm.qa.test.ContactPageTest">
    <failure type="org.openqa.selenium.InvalidSelectorException" message="invalid selector: Unable to locate an element with the xpath expression [//div[@id=&amp;apos;dashboard-toolbar&amp;apos;]/div[1][.=&amp;apos;Contacts&amp;apos;] because of the following error:
SyntaxError: Failed to execute &amp;apos;evaluate&amp;apos; on &amp;apos;Document&amp;apos;: The string &amp;apos;[//div[@id=&amp;apos;dashboard-toolbar&amp;apos;]/div[1][.=&amp;apos;Contacts&amp;apos;]&amp;apos; is not a valid XPath expression.
  (Session info: chrome=79.0.3945.117)
For documentation on this error, please visit: https://www.seleniumhq.org/exceptions/invalid_selector_exception.html
Build info: version: &amp;apos;3.141.59&amp;apos;, revision: &amp;apos;e82be7d358&amp;apos;, time: &amp;apos;2018-11-14T08:17:03&amp;apos;
System info: host: &amp;apos;DESKTOP-K3VPPGC&amp;apos;, ip: &amp;apos;10.220.238.49&amp;apos;, os.name: &amp;apos;Windows 10&amp;apos;, os.arch: &amp;apos;amd64&amp;apos;, os.version: &amp;apos;10.0&amp;apos;, java.version: &amp;apos;1.8.0_71&amp;apos;
Driver info: org.openqa.selenium.chrome.ChromeDriver
Capabilities {acceptInsecureCerts: false, browserName: chrome, browserVersion: 79.0.3945.117, chrome: {chromedriverVersion: 79.0.3945.36 (3582db32b3389..., userDataDir: D:\Users\BSebast1\AppData\L...}, goog:chromeOptions: {debuggerAddress: localhost:63872}, javascriptEnabled: true, networkConnectionEnabled: false, pageLoadStrategy: normal, platform: WINDOWS, platformName: WINDOWS, proxy: Proxy(), setWindowRect: true, strictFileInteractability: false, timeouts: {implicit: 0, pageLoad: 300000, script: 30000}, unhandledPromptBehavior: dismiss and notify}
Session ID: 378c515abee326caa3f66e68b5b8433c
*** Element info: {Using=xpath, value=[//div[@id=&amp;apos;dashboard-toolbar&amp;apos;]/div[1][.=&amp;apos;Contacts&amp;apos;]}">
      <![CDATA[org.openqa.selenium.InvalidSelectorException: invalid selector: Unable to locate an element with the xpath expression [//div[@id='dashboard-toolbar']/div[1][.='Contacts'] because of the following error:
SyntaxError: Failed to execute 'evaluate' on 'Document': The string '[//div[@id='dashboard-toolbar']/div[1][.='Contacts']' is not a valid XPath expression.
  (Session info: chrome=79.0.3945.117)
For documentation on this error, please visit: https://www.seleniumhq.org/exceptions/invalid_selector_exception.html
Build info: version: '3.141.59', revision: 'e82be7d358', time: '2018-11-14T08:17:03'
System info: host: 'DESKTOP-K3VPPGC', ip: '10.220.238.49', os.name: 'Windows 10', os.arch: 'amd64', os.version: '10.0', java.version: '1.8.0_71'
Driver info: org.openqa.selenium.chrome.ChromeDriver
Capabilities {acceptInsecureCerts: false, browserName: chrome, browserVersion: 79.0.3945.117, chrome: {chromedriverVersion: 79.0.3945.36 (3582db32b3389..., userDataDir: D:\Users\BSebast1\AppData\L...}, goog:chromeOptions: {debuggerAddress: localhost:63872}, javascriptEnabled: true, networkConnectionEnabled: false, pageLoadStrategy: normal, platform: WINDOWS, platformName: WINDOWS, proxy: Proxy(), setWindowRect: true, strictFileInteractability: false, timeouts: {implicit: 0, pageLoad: 300000, script: 30000}, unhandledPromptBehavior: dismiss and notify}
Session ID: 378c515abee326caa3f66e68b5b8433c
*** Element info: {Using=xpath, value=[//div[@id='dashboard-toolbar']/div[1][.='Contacts']}
at org.openqa.selenium.remote.http.W3CHttpResponseCodec.createException(W3CHttpResponseCodec.java:187)
at org.openqa.selenium.remote.http.W3CHttpResponseCodec.decode(W3CHttpResponseCodec.java:122)
at org.openqa.selenium.remote.http.W3CHttpResponseCodec.decode(W3CHttpResponseCodec.java:49)
at org.openqa.selenium.remote.HttpCommandExecutor.execute(HttpCommandExecutor.java:158)
at org.openqa.selenium.remote.service.DriverCommandExecutor.execute(DriverCommandExecutor.java:83)
at org.openqa.selenium.remote.RemoteWebDriver.execute(RemoteWebDriver.java:552)
at org.openqa.selenium.remote.RemoteWebDriver.findElement(RemoteWebDriver.java:323)
at org.openqa.selenium.remote.RemoteWebDriver.findElementByXPath(RemoteWebDriver.java:428)
at org.openqa.selenium.By$ByXPath.findElement(By.java:353)
at org.openqa.selenium.remote.RemoteWebDriver.findElement(RemoteWebDriver.java:315)
at org.openqa.selenium.support.events.EventFiringWebDriver.lambda$new$1(EventFiringWebDriver.java:105)
at com.sun.proxy.$Proxy8.findElement(Unknown Source)
at org.openqa.selenium.support.events.EventFiringWebDriver.findElement(EventFiringWebDriver.java:194)
at org.openqa.selenium.support.pagefactory.DefaultElementLocator.findElement(DefaultElementLocator.java:69)
at org.openqa.selenium.support.pagefactory.internal.LocatingElementHandler.invoke(LocatingElementHandler.java:38)
at com.sun.proxy.$Proxy12.isDisplayed(Unknown Source)
at com.crm.qa.pages.ContactsPage.veriftcontactpage(ContactsPage.java:37)
at com.crm.qa.test.ContactPageTest.verifycontactspagetest(ContactPageTest.java:46)
... Removed 33 stack frames]]>
    </failure>
  </testcase> <!-- verifycontactspagetest -->
  <testcase name="validatecreatenewcontact" time="2.888" classname="com.crm.qa.test.ContactPageTest"/>
  <testcase name="validatecreatenewcontact" time="2.335" classname="com.crm.qa.test.ContactPageTest"/>
  <testcase name="validatecreatenewcontact" time="2.476" classname="com.crm.qa.test.ContactPageTest"/>
  <testcase name="verifyhomepagetitle" time="0.017" classname="com.crm.qa.test.HomePageTest"/>
  <testcase name="usernamelable" time="1.028" classname="com.crm.qa.test.HomePageTest"/>
  <testcase name="verifycontactlink" time="1.107" classname="com.crm.qa.test.HomePageTest"/>
</testsuite> <!-- Free CRM Application Test cases -->
